<?xml version="1.0" encoding="UTF-8"?>
<!-- Generated by org.testng.reporters.JUnitXMLReporter -->
<testsuite ignored="0" hostname="LAPTOP-4TAGSQNH" failures="0" tests="2" name="Login Validation" time="63.986" errors="0" timestamp="2025-03-03T14:02:22 IST">
  <testcase classname="com.ecommerceApp.tests.LoginValidations" name="validateLogin" time="12.309"/>
  <testcase classname="com.ecommerceApp.tests.LoginValidations" name="validateLoginErrorWithMissingName" time="13.06"/>
</testsuite> <!-- Login Validation -->
